<?xml version="1.0" encoding="UTF-8"?>
<!-- Generated by org.testng.reporters.JUnitXMLReporter -->
<testsuite ignored="0" hostname="DESKTOP-VOTC" failures="0" tests="4" name="Default test" time="0.039" errors="0" timestamp="2024-10-17T14:04:58 BRT">
  <testcase classname="com.testng.app.TestngExampleApplicationTests" name="login" time="0.006"/>
  <testcase classname="com.testng.app.TestngExampleApplicationTests" name="setup" time="0.002"/>
  <testcase classname="com.testng.app.TestngExampleApplicationTests" name="teardown" time="0.001"/>
  <testcase classname="com.testng.app.TestngExampleApplicationTests" name="testAdd" time="0.001"/>
</testsuite> <!-- Default test -->
